<?xml version="1.0" encoding="UTF-8"?>
<!-- Generated by org.testng.reporters.JUnitXMLReporter -->
<testsuite ignored="4" hostname="DESKTOP-EVVDP1U" failures="0" tests="3" name="Test" time="34.929" errors="0" timestamp="2023-03-20T19:10:05 IST">
  <testcase classname="testPackage.TestClass" name="verifyTextBoxWithCorrectCredential" time="3.776"/>
  <testcase classname="testPackage.TestClassCheckBox" name="VerifyTheBox" time="0.459"/>
  <testcase classname="testPackage.TestClassCheckBox" name="verifyWebTable" time="6.721"/>
  <testcase classname="testPackage.BaseClass" name="@AfterTest afterTest" time="0.0">
    <ignored/>
  </testcase> <!-- @AfterTest afterTest -->
  <testcase classname="testPackage.BaseClass" name="@AfterTest afterTest" time="0.0">
    <ignored/>
  </testcase> <!-- @AfterTest afterTest -->
  <testcase classname="testPackage.BaseClass" name="@BeforeTest beforeTest" time="0.0">
    <ignored/>
  </testcase> <!-- @BeforeTest beforeTest -->
  <testcase classname="testPackage.BaseClass" name="@BeforeTest beforeTest" time="0.0">
    <ignored/>
  </testcase> <!-- @BeforeTest beforeTest -->
</testsuite> <!-- Test -->
